0 info it worked if it ends with ok
1 verbose cli [ '/Users/gt/.nvm/v0.10.32/bin/node',
1 verbose cli   '/Users/gt/.nvm/v0.10.32/bin/npm',
1 verbose cli   'pub' ]
2 info using npm@1.4.28
3 info using node@v0.10.32
4 verbose publish [ '.' ]
5 verbose cache add [ '.', null ]
6 verbose cache add name=undefined spec="." args=[".",null]
7 verbose parsed url { protocol: null,
7 verbose parsed url   slashes: null,
7 verbose parsed url   auth: null,
7 verbose parsed url   host: null,
7 verbose parsed url   port: null,
7 verbose parsed url   hostname: null,
7 verbose parsed url   hash: null,
7 verbose parsed url   search: null,
7 verbose parsed url   query: null,
7 verbose parsed url   pathname: '.',
7 verbose parsed url   path: '.',
7 verbose parsed url   href: '.' }
8 silly lockFile 3a52ce78- .
9 verbose lock . /Users/gt/.npm/3a52ce78-.lock
10 verbose tar pack [ '/Users/gt/.npm/gt-gulp/0.0.17/package.tgz', '.' ]
11 verbose tarball /Users/gt/.npm/gt-gulp/0.0.17/package.tgz
12 verbose folder .
13 info prepublish gt-gulp@0.0.17
14 silly lockFile 1f1177db-tar tar://.
15 verbose lock tar://. /Users/gt/.npm/1f1177db-tar.lock
16 silly lockFile 22473413-t-npm-gt-gulp-0-0-17-package-tgz tar:///Users/gt/.npm/gt-gulp/0.0.17/package.tgz
17 verbose lock tar:///Users/gt/.npm/gt-gulp/0.0.17/package.tgz /Users/gt/.npm/22473413-t-npm-gt-gulp-0-0-17-package-tgz.lock
18 silly lockFile 1f1177db-tar tar://.
19 silly lockFile 1f1177db-tar tar://.
20 silly lockFile 22473413-t-npm-gt-gulp-0-0-17-package-tgz tar:///Users/gt/.npm/gt-gulp/0.0.17/package.tgz
21 silly lockFile 22473413-t-npm-gt-gulp-0-0-17-package-tgz tar:///Users/gt/.npm/gt-gulp/0.0.17/package.tgz
22 silly lockFile f8afaf7a-rs-gt-npm-gt-gulp-0-0-17-package /Users/gt/.npm/gt-gulp/0.0.17/package
23 verbose lock /Users/gt/.npm/gt-gulp/0.0.17/package /Users/gt/.npm/f8afaf7a-rs-gt-npm-gt-gulp-0-0-17-package.lock
24 silly lockFile f8afaf7a-rs-gt-npm-gt-gulp-0-0-17-package /Users/gt/.npm/gt-gulp/0.0.17/package
25 silly lockFile f8afaf7a-rs-gt-npm-gt-gulp-0-0-17-package /Users/gt/.npm/gt-gulp/0.0.17/package
26 silly lockFile 3a52ce78- .
27 silly lockFile 3a52ce78- .
28 silly publish { name: 'gt-gulp',
28 silly publish   version: '0.0.17',
28 silly publish   dependencies:
28 silly publish    { del: 'latest',
28 silly publish      'gulp-angular-templatecache': 'latest',
28 silly publish      'gulp-autoprefixer': 'latest',
28 silly publish      'gulp-coffee': 'latest',
28 silly publish      'gulp-compass': 'latest',
28 silly publish      'gulp-concat': 'latest',
28 silly publish      'gulp-cssfont64': 'latest',
28 silly publish      'gulp-htmlmin': 'latest',
28 silly publish      'gulp-iconfont': 'latest',
28 silly publish      'gulp-iconfont-css': 'latest',
28 silly publish      'gulp-inject': 'latest',
28 silly publish      'gulp-karma': 'latest',
28 silly publish      'gulp-minify-css': 'latest',
28 silly publish      'gulp-ng-annotate': 'latest',
28 silly publish      'gulp-plumber': 'latest',
28 silly publish      'gulp-rename': 'latest',
28 silly publish      'gulp-sourcemaps': 'latest',
28 silly publish      'gulp-symlink': 'latest',
28 silly publish      'gulp-uglify': 'latest' },
28 silly publish   description: 'gt-gulp',
28 silly publish   main: 'index.coffee',
28 silly publish   scripts: { test: 'echo "Error: no test specified" && exit 1' },
28 silly publish   repository:
28 silly publish    { type: 'git',
28 silly publish      url: 'git://github.com/Gutenberg-Technology/gt-gulp' },
28 silly publish   author: { name: 'Gutenberg Technology' },
28 silly publish   license: 'MIT',
28 silly publish   bugs: { url: 'https://github.com/Gutenberg-Technology/gt-gulp/issues' },
28 silly publish   homepage: 'https://github.com/Gutenberg-Technology/gt-gulp',
28 silly publish   readme: 'gt-gulp\n=======\n',
28 silly publish   readmeFilename: 'README.md',
28 silly publish   gitHead: 'fc1931f2952b0856fd815b30cfb501ef9068082d',
28 silly publish   _id: 'gt-gulp@0.0.17',
28 silly publish   _shasum: '5131ab5c90bd7cde84f175cd00280bdd18bb48ac',
28 silly publish   _from: '.' }
29 verbose request where is /gt-gulp
30 verbose request registry https://registry.npmjs.org/
31 verbose request id fe08dc1b63fb380b
32 verbose url raw /gt-gulp
33 verbose url resolving [ 'https://registry.npmjs.org/', './gt-gulp' ]
34 verbose url resolved https://registry.npmjs.org/gt-gulp
35 verbose request where is https://registry.npmjs.org/gt-gulp
36 info trying registry request attempt 1 at 14:08:12
37 http PUT https://registry.npmjs.org/gt-gulp
38 http 403 https://registry.npmjs.org/gt-gulp
39 verbose headers { date: 'Mon, 06 Oct 2014 12:08:08 GMT',
39 verbose headers   server: 'CouchDB/1.5.0 (Erlang OTP/R16B03)',
39 verbose headers   'content-type': 'application/json',
39 verbose headers   'cache-control': 'max-age=60',
39 verbose headers   'content-length': '3203',
39 verbose headers   'accept-ranges': 'bytes',
39 verbose headers   via: '1.1 varnish',
39 verbose headers   'x-served-by': 'cache-lo80-LHR',
39 verbose headers   'x-cache': 'MISS',
39 verbose headers   'x-cache-hits': '0',
39 verbose headers   'x-timer': 'S1412597288.291981,VS0,VE634',
39 verbose headers   'keep-alive': 'timeout=10, max=50',
39 verbose headers   connection: 'Keep-Alive' }
40 error publish Failed PUT 403
41 error Error: forbidden cannot modify pre-existing version: 0.0.17
41 error old={"name":"gt-gulp","version":"0.0.17","dependencies":{"gulp-angular-templatecache":"latest","gulp-autoprefixer":"latest","gulp-coffee":"latest","gulp-compass":"latest","gulp-concat":"latest","gulp-cssfont64":"latest","gulp-htmlmin":"latest","gulp-iconfont":"latest","gulp-iconfont-css":"latest","gulp-inject":"latest","gulp-karma":"latest","gulp-minify-css":"latest","gulp-ng-annotate":"latest","gulp-plumber":"latest","gulp-rename":"latest","gulp-rimraf":"latest","gulp-sourcemaps":"latest","gulp-symlink":"latest","gulp-uglify":"latest"},"description":"gt-gulp","main":"index.coffee","scripts":{"test":"echo \"Error: no test specified\" && exit 1"},"repository":{"type":"git","url":"git://github.com/Gutenberg-Technology/gt-gulp"},"author":{"name":"Gutenberg Technology"},"license":"MIT","bugs":{"url":"https://github.com/Gutenberg-Technology/gt-gulp/issues"},"homepage":"https://github.com/Gutenberg-Technology/gt-gulp","gitHead":"7628301511f0fa6a14855d180b251ba3a44dca92","_id":"gt-gulp@0.0.17","_shasum":"0956893b4b71a233938a26cf582871c5d9f8243c","_from":".","_npmVersion":"1.4.28","_npmUser":{"name":"roparz","email":"christophe@roparz.me"},"maintainers":[{"name":"roparz","email":"christophe@roparz.me"}],"dist":{"shasum":"0956893b4b71a233938a26cf582871c5d9f8243c","tarball":"http://registry.npmjs.org/gt-gulp/-/gt-gulp-0.0.17.tgz"}}
41 error new={"name":"gt-gulp","version":"0.0.17","dependencies":{"del":"latest","gulp-angular-templatecache":"latest","gulp-autoprefixer":"latest","gulp-coffee":"latest","gulp-compass":"latest","gulp-concat":"latest","gulp-cssfont64":"latest","gulp-htmlmin":"latest","gulp-iconfont":"latest","gulp-iconfont-css":"latest","gulp-inject":"latest","gulp-karma":"latest","gulp-minify-css":"latest","gulp-ng-annotate":"latest","gulp-plumber":"latest","gulp-rename":"latest","gulp-sourcemaps":"latest","gulp-symlink":"latest","gulp-uglify":"latest"},"description":"gt-gulp","main":"index.coffee","scripts":{"test":"echo \"Error: no test specified\" && exit 1"},"repository":{"type":"git","url":"git://github.com/Gutenberg-Technology/gt-gulp"},"author":{"name":"Gutenberg Technology"},"license":"MIT","bugs":{"url":"https://github.com/Gutenberg-Technology/gt-gulp/issues"},"homepage":"https://github.com/Gutenberg-Technology/gt-gulp","readme":"gt-gulp\u000a=======\u000a","readmeFilename":"README.md","gitHead":"fc1931f2952b0856fd815b30cfb501ef9068082d","_id":"gt-gulp@0.0.17","_shasum":"5131ab5c90bd7cde84f175cd00280bdd18bb48ac","_from":".","_npmVersion":"1.4.28","_npmUser":{"name":"roparz","email":"christophe@roparz.me"},"maintainers":[{"name":"roparz","email":"christophe@roparz.me"}],"dist":{"shasum":"5131ab5c90bd7cde84f175cd00280bdd18bb48ac","tarball":"http://registry.npmjs.org/gt-gulp/-/gt-gulp-0.0.17.tgz"}}: gt-gulp
41 error     at RegClient.<anonymous> (/Users/gt/.nvm/v0.10.32/lib/node_modules/npm/node_modules/npm-registry-client/lib/request.js:308:14)
41 error     at Request._callback (/Users/gt/.nvm/v0.10.32/lib/node_modules/npm/node_modules/npm-registry-client/lib/request.js:246:65)
41 error     at Request.self.callback (/Users/gt/.nvm/v0.10.32/lib/node_modules/npm/node_modules/request/request.js:236:22)
41 error     at Request.emit (events.js:98:17)
41 error     at Request.<anonymous> (/Users/gt/.nvm/v0.10.32/lib/node_modules/npm/node_modules/request/request.js:1142:14)
41 error     at Request.emit (events.js:117:20)
41 error     at IncomingMessage.<anonymous> (/Users/gt/.nvm/v0.10.32/lib/node_modules/npm/node_modules/request/request.js:1096:12)
41 error     at IncomingMessage.emit (events.js:117:20)
41 error     at _stream_readable.js:943:16
41 error     at process._tickCallback (node.js:419:13)
42 error If you need help, you may report this *entire* log,
42 error including the npm and node versions, at:
42 error     <http://github.com/npm/npm/issues>
43 error System Darwin 13.4.0
44 error command "/Users/gt/.nvm/v0.10.32/bin/node" "/Users/gt/.nvm/v0.10.32/bin/npm" "pub"
45 error cwd /Users/gt/Github/gt-gulp
46 error node -v v0.10.32
47 error npm -v 1.4.28
48 verbose exit [ 1, true ]
